[http_config]
Url:http://localhost:8443/api/users/reg
Method:POST
Body:`
	{
		"name": "viz",
		"email": "yomi@duck.com",
		"role": "admin",
		"password": "password"
	}
`
Headers:Content-Type: application/json
Type:http
Response:
[\http_config]

[rep]
Target_ID:0
Type:repeat
Response:
[\rep]

[http_config]
Url:{RESPONSE id=0 json:token}
Method:GET
Body:`
			pretty
			body
`
Headers:plain/text
Type:http
Response:
[\http_config]

[rep]
Target_ID:0
Type:repeat
Response:`rpc error: code = Unknown desc = UserService.ReqUser: add user: UserPostgresRepository.AddUser: execute query: pq: duplicate key value violates unique constraint "users_user_name_key"
`
[\rep]

[http_config]
Url:{RESPONSE id=0 json:token}
Method:GET
Body:`
			pretty
			body
`
Headers:plain/text
Type:http
Response:
[\http_config]

